1542718252634:help
1542718256266:get lesson
1542721605969:help
1542721609987:get lesson
1542722716521:help
1542722719198:get lesson
1542722753321:help
1542722754319:clear
1542722758183:get lesson
1542724445022:exit
1542724622958:help
1542724626334:lessons
1542724666153:get lesson
1542724857795:lessons
1542726048906:get KLL 1
1542726377905:lessons
1542726385987:get KLL 1
1542726392116:help
1542726400838:get lesson KLL 1
1542726462129:lessons
1542726535666:get KLL_1
1542726661349:help
1542726665262:lessons
1542726669525:get KLL_1
1542726759135:lessons
1542726763392:get akak
1542726814026:lessons
1542726816836:clear
1542726819607:get kaka
1542726881805:lessons
1542726884176:get hahah
1542726895398:get KLL
1542726899584:get KLL 1
1542726904245:get KLL_1
1542727167382:lessons
1542727169683:get
1542727315354:get naj
1542727355147:lessons
1542727461272:get KLL_01
1542727571283:get ha
1542803651017:help
1542803662845:lessons
1542803678091:get KLL_01
1542803704044:get TOBIRA_08KE
1542803730754:get haha
1542803736548:get KLL_01
1542803739374:get 1
1542804023613:help
1542804026350:get
1542804030183:get 2
1542804037529:get KLL_01
1542804042814:lessons
1542804062481:ha
1542804065031:clear
1542804066383:help
1542805817667:hepl
1542805819113:help
1542805821537:lessons
1542805828238:get KLL_01
1542805878109:get haha
1542806078092:help
1542806080028:lessons
1542806086248:get KLL_01
1542806158741:help
1542806160421:lessons
1542806162276:get a
1542806167335:get KLL_01
1542806543804:lessons
1542806591990:get KLL_01
1542807491834:lessons
1542807493941:get KLL_01
1542807498545:get haha
1542807501169:get
1542807541860:get 1
1542807572743:lessons
1542807646916:get 1
1542807923602:help
1542807925536:lessons
1542807931762:get 1
1542807935981:get 01
1542807938206:get 11121
1542807939687:get
1542807942286:get alsmf
1542807944706:get akar
1542807948014:get KLL
1542807956570:get KLL_01
1542808021590:get 1
1542808608630:lessons
1542808619466:KLL_01
1542808621592:get KLL_01
1542808628321:get KLL
1542808631221:get KLL_0
1542808633818:get 1
1542808637610:get 12
1542808639990:get ahhaha
1542808641904:get
1542808644011:get .
1542808645972:get all
1542808648846:get lessons
1542808652326:get lessonName
1542808659980:get TOBIRA_08KE
1542808665580:get KLL_01
1542809115387:help
1542809118361:lessons
1542809124410:get KLL_01
1542809195567:help
1542809203587:get kll_01
1542809206730:get KLL_01
1542809222490:help
1542809231230:get KLL_01
1542809304210:get 11
1542809306579:adwclear
1542809308050:clear
1542809309726:exit
1542811318601:help
1542811322483:lessons
1542811370450:get KLL_01
1542811380488:answer a
1542811383375:answer yes
1542811386355:answer no
1542811389288:answer vetej
1542811581053:help
1542811588529:help answer
1542811615461:help
1542811629117:help get
1542811637496:help lessons
1542811639797:clear
1542811641703:help
1542811645323:clear
1542811654539:lessons
1542811658192:get KLL_01
1542811668209:help
1542812032442:lessons
1542812034367:public Availability getQuestionAvailability(){
1542812052111:get KLL_01
1542812113520:help
1542812123999:get haha
1542812127954:lessons
1542812137316:answer yes
1542812140545:answer
1542812295962:help
1542812422822:lessons
1542812425347:help
1542812432424:get a
1542812435847:help
1542812461908:get a
1542812466024:help
1542812474158:get KLL_01
1542812582822:help
1542812592146:get KLL_01get KLL_01
1542812593728:get KLL_01
1542812601944:answer yes
1542812606123:get KLL_01
1542875569978:help
1542875590428:lessons
1542875593241:help
1542875612758:get KLL_01
1542875626655:answer hehe
1542875674497:get KLL_01
1542875677592:answer hehe
1542875701702:lessons
1542875716690:get KLL_01
1542875738176:lessons
1542875740063:get KLL_01
1542875757452:answer yeees
1542875767664:get KLL_01
1542875770642:lessons
1542875772150:help
1542875784151:answer yes
1542875847953:get KLL_01
1542875852753:answer yes
1542878793978:lessons
1542878815191:help
1542878840634:get KLL_01
1542878845438:answer yes
1542880814411:haa
1542880819978:stacktrace
1542880831454:clear
1542880838156:lessons
1542880956042:get KLL_01
1542880966038:answer yes
1542880970166:get KLL_01
1542880973071:answer no
1542880975083:get KLL_01
1542880979422:answer vetej
